<?xml version="1.0" encoding="UTF-8"?>
<testng-results skipped="0" failed="0" ignored="0" total="2" passed="2">
  <reporter-output>
  </reporter-output>
  <suite name="Suite" duration-ms="46613" started-at="2023-03-13T00:13:36 PDT" finished-at="2023-03-13T00:14:23 PDT">
    <groups>
    </groups>
    <test name="Test" duration-ms="46613" started-at="2023-03-13T00:13:36 PDT" finished-at="2023-03-13T00:14:23 PDT">
      <class name="actionExample.DragDropExample">
        <test-method status="PASS" signature="launchApp()[pri:0, instance:actionExample.DragDropExample@3e9b1010]" name="launchApp" is-config="true" duration-ms="15655" started-at="2023-03-13T00:13:50 PDT" finished-at="2023-03-13T00:14:05 PDT">
          <reporter-output>
          </reporter-output>
        </test-method> <!-- launchApp -->
        <test-method status="PASS" signature="verifyDragDropTest()[pri:0, instance:actionExample.DragDropExample@3e9b1010]" name="verifyDragDropTest" duration-ms="892" started-at="2023-03-13T00:14:08 PDT" finished-at="2023-03-13T00:14:08 PDT">
          <reporter-output>
          </reporter-output>
        </test-method> <!-- verifyDragDropTest -->
        <test-method status="PASS" signature="closeApp()[pri:0, instance:actionExample.DragDropExample@3e9b1010]" name="closeApp" is-config="true" duration-ms="7212" started-at="2023-03-13T00:14:16 PDT" finished-at="2023-03-13T00:14:23 PDT">
          <reporter-output>
          </reporter-output>
        </test-method> <!-- closeApp -->
      </class> <!-- actionExample.DragDropExample -->
      <class name="actionExample.AmaoznCreateWishList">
        <test-method status="PASS" signature="launchApp()[pri:0, instance:actionExample.AmaoznCreateWishList@18eed359]" name="launchApp" is-config="true" duration-ms="13591" started-at="2023-03-13T00:13:36 PDT" finished-at="2023-03-13T00:13:50 PDT">
          <reporter-output>
          </reporter-output>
        </test-method> <!-- launchApp -->
        <test-method status="PASS" signature="verifyLogin()[pri:0, instance:actionExample.AmaoznCreateWishList@18eed359]" name="verifyLogin" duration-ms="1986" started-at="2023-03-13T00:14:06 PDT" finished-at="2023-03-13T00:14:08 PDT">
          <reporter-output>
          </reporter-output>
        </test-method> <!-- verifyLogin -->
        <test-method status="PASS" signature="closeApp()[pri:0, instance:actionExample.AmaoznCreateWishList@18eed359]" name="closeApp" is-config="true" duration-ms="7252" started-at="2023-03-13T00:14:08 PDT" finished-at="2023-03-13T00:14:16 PDT">
          <reporter-output>
          </reporter-output>
        </test-method> <!-- closeApp -->
      </class> <!-- actionExample.AmaoznCreateWishList -->
    </test> <!-- Test -->
  </suite> <!-- Suite -->
</testng-results>
